D:\exp\Practice\PostGreBE\FrontEnd\angular-course\dist\out-tsc\app\@services\storage.service.js
D:\exp\Practice\PostGreBE\FrontEnd\angular-course\dist\out-tsc\app\@services\storage.service.js.map
D:\exp\Practice\PostGreBE\FrontEnd\angular-course\dist\out-tsc\app\@services\auth.service.js
D:\exp\Practice\PostGreBE\FrontEnd\angular-course\dist\out-tsc\app\@services\auth.service.js.map
D:\exp\Practice\PostGreBE\FrontEnd\angular-course\dist\out-tsc\app\@guards\auth.guard.js
D:\exp\Practice\PostGreBE\FrontEnd\angular-course\dist\out-tsc\app\@guards\auth.guard.js.map
D:\exp\Practice\PostGreBE\FrontEnd\angular-course\dist\out-tsc\app\pages\login\login.component.js
D:\exp\Practice\PostGreBE\FrontEnd\angular-course\dist\out-tsc\app\pages\login\login.component.js.map
D:\exp\Practice\PostGreBE\FrontEnd\angular-course\dist\out-tsc\app\pages\register\register.component.js
D:\exp\Practice\PostGreBE\FrontEnd\angular-course\dist\out-tsc\app\pages\register\register.component.js.map
D:\exp\Practice\PostGreBE\FrontEnd\angular-course\dist\out-tsc\app\@models\product.js
D:\exp\Practice\PostGreBE\FrontEnd\angular-course\dist\out-tsc\app\@models\product.js.map
D:\exp\Practice\PostGreBE\FrontEnd\angular-course\dist\out-tsc\app\@services\item.service.js
D:\exp\Practice\PostGreBE\FrontEnd\angular-course\dist\out-tsc\app\@services\item.service.js.map
D:\exp\Practice\PostGreBE\FrontEnd\angular-course\dist\out-tsc\app\products\products.component.js
D:\exp\Practice\PostGreBE\FrontEnd\angular-course\dist\out-tsc\app\products\products.component.js.map
D:\exp\Practice\PostGreBE\FrontEnd\angular-course\dist\out-tsc\app\patients\patients.component.js
D:\exp\Practice\PostGreBE\FrontEnd\angular-course\dist\out-tsc\app\patients\patients.component.js.map
D:\exp\Practice\PostGreBE\FrontEnd\angular-course\dist\out-tsc\app\app-routing.module.js
D:\exp\Practice\PostGreBE\FrontEnd\angular-course\dist\out-tsc\app\app-routing.module.js.map
D:\exp\Practice\PostGreBE\FrontEnd\angular-course\dist\out-tsc\app\app.component.js
D:\exp\Practice\PostGreBE\FrontEnd\angular-course\dist\out-tsc\app\app.component.js.map
D:\exp\Practice\PostGreBE\FrontEnd\angular-course\dist\out-tsc\environments\environment.js
D:\exp\Practice\PostGreBE\FrontEnd\angular-course\dist\out-tsc\environments\environment.js.map
D:\exp\Practice\PostGreBE\FrontEnd\angular-course\dist\out-tsc\app\app.module.js
D:\exp\Practice\PostGreBE\FrontEnd\angular-course\dist\out-tsc\app\app.module.js.map
D:\exp\Practice\PostGreBE\FrontEnd\angular-course\dist\out-tsc\main.js
D:\exp\Practice\PostGreBE\FrontEnd\angular-course\dist\out-tsc\main.js.map
D:\exp\Practice\PostGreBE\FrontEnd\angular-course\dist\out-tsc\polyfills.js
D:\exp\Practice\PostGreBE\FrontEnd\angular-course\dist\out-tsc\polyfills.js.map
D:\exp\Practice\PostGreBE\FrontEnd\angular-course\dist\out-tsc\test.js
D:\exp\Practice\PostGreBE\FrontEnd\angular-course\dist\out-tsc\test.js.map
D:\exp\Practice\PostGreBE\FrontEnd\angular-course\dist\out-tsc\app\app.component.spec.js
D:\exp\Practice\PostGreBE\FrontEnd\angular-course\dist\out-tsc\app\app.component.spec.js.map
D:\exp\Practice\PostGreBE\FrontEnd\angular-course\dist\out-tsc\app\@models\patients.js
D:\exp\Practice\PostGreBE\FrontEnd\angular-course\dist\out-tsc\app\@models\patients.js.map
D:\exp\Practice\PostGreBE\FrontEnd\angular-course\dist\out-tsc\app\@services\data.service.js
D:\exp\Practice\PostGreBE\FrontEnd\angular-course\dist\out-tsc\app\@services\data.service.js.map
D:\exp\Practice\PostGreBE\FrontEnd\angular-course\dist\out-tsc\app\pages\login\login.component.spec.js
D:\exp\Practice\PostGreBE\FrontEnd\angular-course\dist\out-tsc\app\pages\login\login.component.spec.js.map
D:\exp\Practice\PostGreBE\FrontEnd\angular-course\dist\out-tsc\app\pages\register\register.component.spec.js
D:\exp\Practice\PostGreBE\FrontEnd\angular-course\dist\out-tsc\app\pages\register\register.component.spec.js.map
D:\exp\Practice\PostGreBE\FrontEnd\angular-course\dist\out-tsc\app\patients\patients.component.spec.js
D:\exp\Practice\PostGreBE\FrontEnd\angular-course\dist\out-tsc\app\patients\patients.component.spec.js.map
D:\exp\Practice\PostGreBE\FrontEnd\angular-course\dist\out-tsc\app\products\products.component.spec.js
D:\exp\Practice\PostGreBE\FrontEnd\angular-course\dist\out-tsc\app\products\products.component.spec.js.map
D:\exp\Practice\PostGreBE\FrontEnd\angular-course\dist\out-tsc\environments\environment.prod.js
D:\exp\Practice\PostGreBE\FrontEnd\angular-course\dist\out-tsc\environments\environment.prod.js.map
